time_tracker_flutter_course/build/app/intermediates/manifest_merge_blame_file/debug/manifest-merger-blame-debug-report.txt
1<?xml version="1.0" encoding="utf-8"?>
2<manifest xmlns:android="http://schemas.android.com/apk/res/android"
3    package="com.lkmandy.time_tracker_flutter_course"
4    android:versionCode="1"
5    android:versionName="1.0.0" >
6
7    <uses-sdk
8        android:minSdkVersion="21"
9        android:targetSdkVersion="30" />
10    <!--
11         Flutter needs it to communicate with the running application
12         to allow setting breakpoints, to provide hot reload, etc.
13    -->
14    <uses-permission android:name="android.permission.INTERNET" />
14-->src/main/AndroidManifest.xml:4:5-66
14-->src/main/AndroidManifest.xml:4:22-64
15    <uses-permission android:name="android.permission.ACCESS_NETWORK_STATE" />
15-->[com.google.firebase:firebase-auth:20.0.3] AndroidManifest.xml:24:5-79
15-->[com.google.firebase:firebase-auth:20.0.3] AndroidManifest.xml:24:22-76
16    <uses-permission android:name="android.permission.WAKE_LOCK" />
16-->[com.google.android.gms:play-services-measurement-api:18.0.2] AndroidManifest.xml:24:5-68
16-->[com.google.android.gms:play-services-measurement-api:18.0.2] AndroidManifest.xml:24:22-65
17    <uses-permission android:name="com.google.android.finsky.permission.BIND_GET_INSTALL_REFERRER_SERVICE" />
17-->[com.google.android.gms:play-services-measurement:18.0.2] AndroidManifest.xml:26:5-110
17-->[com.google.android.gms:play-services-measurement:18.0.2] AndroidManifest.xml:26:22-107
18    <!--
19 io.flutter.app.FlutterApplication is an android.app.Application that
20         calls FlutterMain.startInitialization(this); in its onCreate method.
21         In most cases you can leave this as-is, but you if you want to provide
22         additional functionality it is fine to subclass or reimplement
23         FlutterApplication and put your custom class here.
24    -->
25    <application
25-->src/main/AndroidManifest.xml:11:5-67:19
26        android:name="io.flutter.app.FlutterApplication"
26-->src/main/AndroidManifest.xml:12:9-57
27        android:appComponentFactory="androidx.core.app.CoreComponentFactory"
27-->[androidx.core:core:1.1.0] AndroidManifest.xml:24:18-86
28        android:debuggable="true"
29        android:icon="@mipmap/ic_launcher"
29-->src/main/AndroidManifest.xml:14:9-43
30        android:label="time_tracker_flutter_course"
30-->src/main/AndroidManifest.xml:13:9-52
31        android:supportsRtl="true" >
31-->[com.facebook.android:facebook-login:9.0.0] AndroidManifest.xml:28:18-44
32        <activity
32-->src/main/AndroidManifest.xml:15:9-43:20
33            android:name="com.lkmandy.time_tracker_flutter_course.MainActivity"
33-->src/main/AndroidManifest.xml:16:13-41
34            android:configChanges="orientation|keyboardHidden|keyboard|screenSize|smallestScreenSize|locale|layoutDirection|fontScale|screenLayout|density|uiMode"
34-->src/main/AndroidManifest.xml:19:13-163
35            android:hardwareAccelerated="true"
35-->src/main/AndroidManifest.xml:20:13-47
36            android:launchMode="singleTop"
36-->src/main/AndroidManifest.xml:17:13-43
37            android:theme="@style/LaunchTheme"
37-->src/main/AndroidManifest.xml:18:13-47
38            android:windowSoftInputMode="adjustResize" >
38-->src/main/AndroidManifest.xml:21:13-55
39
40            <!--
41                 Specifies an Android theme to apply to this Activity as soon as
42                 the Android process has started. This theme is visible to the user
43                 while the Flutter UI initializes. After that, this theme continues
44                 to determine the Window background behind the Flutter UI.
45            -->
46            <meta-data
46-->src/main/AndroidManifest.xml:26:13-29:17
47                android:name="io.flutter.embedding.android.NormalTheme"
47-->src/main/AndroidManifest.xml:27:15-70
48                android:resource="@style/NormalTheme" />
48-->src/main/AndroidManifest.xml:28:15-52
49            <!--
50                 Displays an Android View that continues showing the launch screen
51                 Drawable until Flutter paints its first frame, then this splash
52                 screen fades out. A splash screen is useful to avoid any visual
53                 gap between the end of Android's launch screen and the painting of
54                 Flutter's first frame.
55            -->
56            <meta-data
56-->src/main/AndroidManifest.xml:35:13-38:17
57                android:name="io.flutter.embedding.android.SplashScreenDrawable"
57-->src/main/AndroidManifest.xml:36:15-79
58                android:resource="@drawable/launch_background" />
58-->src/main/AndroidManifest.xml:37:15-61
59
60            <intent-filter>
60-->src/main/AndroidManifest.xml:39:13-42:29
61                <action android:name="android.intent.action.MAIN" />
61-->src/main/AndroidManifest.xml:40:17-68
61-->src/main/AndroidManifest.xml:40:25-66
62
63                <category android:name="android.intent.category.LAUNCHER" />
63-->src/main/AndroidManifest.xml:41:17-76
63-->src/main/AndroidManifest.xml:41:27-74
64            </intent-filter>
65        </activity>
66
67        <meta-data
67-->src/main/AndroidManifest.xml:44:5-45:50
68            android:name="com.facebook.sdk.ApplicationId"
68-->src/main/AndroidManifest.xml:44:16-61
69            android:value="@string/facebook_app_id" />
69-->src/main/AndroidManifest.xml:45:9-48
70
71        <activity
71-->src/main/AndroidManifest.xml:47:5-50:44
72            android:name="com.facebook.FacebookActivity"
72-->src/main/AndroidManifest.xml:47:15-59
73            android:configChanges="keyboard|keyboardHidden|screenLayout|screenSize|orientation"
73-->src/main/AndroidManifest.xml:48:9-105
74            android:label="@string/app_name"
74-->src/main/AndroidManifest.xml:50:9-41
75            android:theme="@style/com_facebook_activity_theme" />
75-->[com.facebook.android:facebook-common:9.0.0] AndroidManifest.xml:33:13-63
76        <activity
76-->src/main/AndroidManifest.xml:51:5-60:16
77            android:name="com.facebook.CustomTabActivity"
77-->src/main/AndroidManifest.xml:52:9-54
78            android:exported="true" >
78-->src/main/AndroidManifest.xml:53:9-32
79            <intent-filter>
79-->src/main/AndroidManifest.xml:54:9-59:25
80                <action android:name="android.intent.action.VIEW" />
80-->src/main/AndroidManifest.xml:55:13-65
80-->src/main/AndroidManifest.xml:55:21-62
81
82                <category android:name="android.intent.category.DEFAULT" />
82-->src/main/AndroidManifest.xml:56:13-72
82-->src/main/AndroidManifest.xml:56:23-69
83                <category android:name="android.intent.category.BROWSABLE" />
83-->src/main/AndroidManifest.xml:57:13-74
83-->src/main/AndroidManifest.xml:57:23-71
84
85                <data android:scheme="@string/fb_login_protocol_scheme" />
85-->src/main/AndroidManifest.xml:58:13-71
85-->src/main/AndroidManifest.xml:58:19-68
86            </intent-filter>
87            <intent-filter>
87-->[com.facebook.android:facebook-common:9.0.0] AndroidManifest.xml:39:13-48:29
88                <action android:name="android.intent.action.VIEW" />
88-->src/main/AndroidManifest.xml:55:13-65
88-->src/main/AndroidManifest.xml:55:21-62
89
90                <category android:name="android.intent.category.DEFAULT" />
90-->src/main/AndroidManifest.xml:56:13-72
90-->src/main/AndroidManifest.xml:56:23-69
91                <category android:name="android.intent.category.BROWSABLE" />
91-->src/main/AndroidManifest.xml:57:13-74
91-->src/main/AndroidManifest.xml:57:23-71
92
93                <data
93-->src/main/AndroidManifest.xml:58:13-71
94                    android:host="cct.com.lkmandy.time_tracker_flutter_course"
95                    android:scheme="fbconnect" />
95-->src/main/AndroidManifest.xml:58:19-68
96            </intent-filter>
97        </activity>
98
99        <!--
100         Don't delete the meta-data below.
101         This is used by the Flutter tool to generate GeneratedPluginRegistrant.java
102        -->
103        <meta-data
103-->src/main/AndroidManifest.xml:64:9-66:33
104            android:name="flutterEmbedding"
104-->src/main/AndroidManifest.xml:65:13-44
105            android:value="2" />
105-->src/main/AndroidManifest.xml:66:13-30
106
107        <service
107-->[:firebase_auth] AndroidManifest.xml:8:9-12:19
108            android:name="com.google.firebase.components.ComponentDiscoveryService"
108-->[:firebase_auth] AndroidManifest.xml:8:18-89
109            android:directBootAware="true"
109-->[com.google.firebase:firebase-common:19.5.0] AndroidManifest.xml:35:13-43
110            android:exported="false" >
110-->[com.google.firebase:firebase-analytics-ktx:18.0.2] AndroidManifest.xml:10:13-37
111            <meta-data
111-->[:firebase_auth] AndroidManifest.xml:9:13-11:85
112                android:name="com.google.firebase.components:io.flutter.plugins.firebase.auth.FlutterFirebaseAuthRegistrar"
112-->[:firebase_auth] AndroidManifest.xml:10:17-124
113                android:value="com.google.firebase.components.ComponentRegistrar" />
113-->[:firebase_auth] AndroidManifest.xml:11:17-82
114            <meta-data
114-->[:firebase_core] AndroidManifest.xml:9:13-11:85
115                android:name="com.google.firebase.components:io.flutter.plugins.firebase.core.FlutterFirebaseCoreRegistrar"
115-->[:firebase_core] AndroidManifest.xml:10:17-124
116                android:value="com.google.firebase.components.ComponentRegistrar" />
116-->[:firebase_core] AndroidManifest.xml:11:17-82
117            <meta-data
117-->[com.google.firebase:firebase-analytics-ktx:18.0.2] AndroidManifest.xml:11:13-13:85
118                android:name="com.google.firebase.components:com.google.firebase.analytics.ktx.FirebaseAnalyticsKtxRegistrar"
118-->[com.google.firebase:firebase-analytics-ktx:18.0.2] AndroidManifest.xml:12:17-126
119                android:value="com.google.firebase.components.ComponentRegistrar" />
119-->[com.google.firebase:firebase-analytics-ktx:18.0.2] AndroidManifest.xml:13:17-82
120            <meta-data
120-->[com.google.firebase:firebase-common-ktx:19.5.0] AndroidManifest.xml:15:13-17:85
121                android:name="com.google.firebase.components:com.google.firebase.ktx.FirebaseCommonKtxRegistrar"
121-->[com.google.firebase:firebase-common-ktx:19.5.0] AndroidManifest.xml:16:17-113
122                android:value="com.google.firebase.components.ComponentRegistrar" />
122-->[com.google.firebase:firebase-common-ktx:19.5.0] AndroidManifest.xml:17:17-82
123            <meta-data
123-->[com.google.firebase:firebase-auth:20.0.3] AndroidManifest.xml:77:13-79:85
124                android:name="com.google.firebase.components:com.google.firebase.auth.FirebaseAuthRegistrar"
124-->[com.google.firebase:firebase-auth:20.0.3] AndroidManifest.xml:78:17-109
125                android:value="com.google.firebase.components.ComponentRegistrar" />
125-->[com.google.firebase:firebase-auth:20.0.3] AndroidManifest.xml:79:17-82
126            <meta-data
126-->[com.google.android.gms:play-services-measurement-api:18.0.2] AndroidManifest.xml:30:13-32:85
127                android:name="com.google.firebase.components:com.google.firebase.analytics.connector.internal.AnalyticsConnectorRegistrar"
127-->[com.google.android.gms:play-services-measurement-api:18.0.2] AndroidManifest.xml:31:17-139
128                android:value="com.google.firebase.components.ComponentRegistrar" />
128-->[com.google.android.gms:play-services-measurement-api:18.0.2] AndroidManifest.xml:32:17-82
129            <meta-data
129-->[com.google.firebase:firebase-installations:16.3.5] AndroidManifest.xml:18:13-20:85
130                android:name="com.google.firebase.components:com.google.firebase.installations.FirebaseInstallationsRegistrar"
130-->[com.google.firebase:firebase-installations:16.3.5] AndroidManifest.xml:19:17-127
131                android:value="com.google.firebase.components.ComponentRegistrar" />
131-->[com.google.firebase:firebase-installations:16.3.5] AndroidManifest.xml:20:17-82
132            <!--
133                This registrar is not defined in the dynamic-module-support sdk itself to allow non-firebase
134                clients to use it as well, by defining this registrar in their own core/common library.
135            -->
136            <meta-data
136-->[com.google.firebase:firebase-common:19.5.0] AndroidManifest.xml:43:13-45:85
137                android:name="com.google.firebase.components:com.google.firebase.dynamicloading.DynamicLoadingRegistrar"
137-->[com.google.firebase:firebase-common:19.5.0] AndroidManifest.xml:44:17-121
138                android:value="com.google.firebase.components.ComponentRegistrar" />
138-->[com.google.firebase:firebase-common:19.5.0] AndroidManifest.xml:45:17-82
139        </service>
140
141        <activity
141-->[com.google.firebase:firebase-auth:20.0.3] AndroidManifest.xml:27:9-44:20
142            android:name="com.google.firebase.auth.internal.GenericIdpActivity"
142-->[com.google.firebase:firebase-auth:20.0.3] AndroidManifest.xml:28:13-80
143            android:excludeFromRecents="true"
143-->[com.google.firebase:firebase-auth:20.0.3] AndroidManifest.xml:29:13-46
144            android:exported="true"
144-->[com.google.firebase:firebase-auth:20.0.3] AndroidManifest.xml:30:13-36
145            android:launchMode="singleTask"
145-->[com.google.firebase:firebase-auth:20.0.3] AndroidManifest.xml:31:13-44
146            android:theme="@android:style/Theme.Translucent.NoTitleBar" >
146-->[com.google.firebase:firebase-auth:20.0.3] AndroidManifest.xml:32:13-72
147            <intent-filter>
147-->[com.google.firebase:firebase-auth:20.0.3] AndroidManifest.xml:33:13-43:29
148                <action android:name="android.intent.action.VIEW" />
148-->src/main/AndroidManifest.xml:55:13-65
148-->src/main/AndroidManifest.xml:55:21-62
149
150                <category android:name="android.intent.category.DEFAULT" />
150-->src/main/AndroidManifest.xml:56:13-72
150-->src/main/AndroidManifest.xml:56:23-69
151                <category android:name="android.intent.category.BROWSABLE" />
151-->src/main/AndroidManifest.xml:57:13-74
151-->src/main/AndroidManifest.xml:57:23-71
152
153                <data
153-->src/main/AndroidManifest.xml:58:13-71
154                    android:host="firebase.auth"
155                    android:path="/"
156                    android:scheme="genericidp" />
156-->src/main/AndroidManifest.xml:58:19-68
157            </intent-filter>
158        </activity>
159        <activity
159-->[com.google.firebase:firebase-auth:20.0.3] AndroidManifest.xml:45:9-62:20
160            android:name="com.google.firebase.auth.internal.RecaptchaActivity"
160-->[com.google.firebase:firebase-auth:20.0.3] AndroidManifest.xml:46:13-79
161            android:excludeFromRecents="true"
161-->[com.google.firebase:firebase-auth:20.0.3] AndroidManifest.xml:47:13-46
162            android:exported="true"
162-->[com.google.firebase:firebase-auth:20.0.3] AndroidManifest.xml:48:13-36
163            android:launchMode="singleTask"
163-->[com.google.firebase:firebase-auth:20.0.3] AndroidManifest.xml:49:13-44
164            android:theme="@android:style/Theme.Translucent.NoTitleBar" >
164-->[com.google.firebase:firebase-auth:20.0.3] AndroidManifest.xml:50:13-72
165            <intent-filter>
165-->[com.google.firebase:firebase-auth:20.0.3] AndroidManifest.xml:51:13-61:29
166                <action android:name="android.intent.action.VIEW" />
166-->src/main/AndroidManifest.xml:55:13-65
166-->src/main/AndroidManifest.xml:55:21-62
167
168                <category android:name="android.intent.category.DEFAULT" />
168-->src/main/AndroidManifest.xml:56:13-72
168-->src/main/AndroidManifest.xml:56:23-69
169                <category android:name="android.intent.category.BROWSABLE" />
169-->src/main/AndroidManifest.xml:57:13-74
169-->src/main/AndroidManifest.xml:57:23-71
170
171                <data
171-->src/main/AndroidManifest.xml:58:13-71
172                    android:host="firebase.auth"
173                    android:path="/"
174                    android:scheme="recaptcha" />
174-->src/main/AndroidManifest.xml:58:19-68
175            </intent-filter>
176        </activity>
177
178        <service
178-->[com.google.firebase:firebase-auth:20.0.3] AndroidManifest.xml:64:9-73:19
179            android:name="com.google.firebase.auth.api.fallback.service.FirebaseAuthFallbackService"
179-->[com.google.firebase:firebase-auth:20.0.3] AndroidManifest.xml:65:13-101
180            android:enabled="true"
180-->[com.google.firebase:firebase-auth:20.0.3] AndroidManifest.xml:66:13-35
181            android:exported="false" >
181-->[com.google.firebase:firebase-auth:20.0.3] AndroidManifest.xml:67:13-37
182            <intent-filter>
182-->[com.google.firebase:firebase-auth:20.0.3] AndroidManifest.xml:68:13-72:29
183                <action android:name="com.google.firebase.auth.api.gms.service.START" />
183-->[com.google.firebase:firebase-auth:20.0.3] AndroidManifest.xml:69:17-89
183-->[com.google.firebase:firebase-auth:20.0.3] AndroidManifest.xml:69:25-86
184
185                <category android:name="android.intent.category.DEFAULT" />
185-->src/main/AndroidManifest.xml:56:13-72
185-->src/main/AndroidManifest.xml:56:23-69
186            </intent-filter>
187        </service>
188
189        <activity
189-->[com.google.android.gms:play-services-auth:16.0.1] AndroidManifest.xml:23:9-27:75
190            android:name="com.google.android.gms.auth.api.signin.internal.SignInHubActivity"
190-->[com.google.android.gms:play-services-auth:16.0.1] AndroidManifest.xml:24:13-93
191            android:excludeFromRecents="true"
191-->[com.google.android.gms:play-services-auth:16.0.1] AndroidManifest.xml:25:13-46
192            android:exported="false"
192-->[com.google.android.gms:play-services-auth:16.0.1] AndroidManifest.xml:26:13-37
193            android:theme="@android:style/Theme.Translucent.NoTitleBar" />
193-->[com.google.android.gms:play-services-auth:16.0.1] AndroidManifest.xml:27:13-72
194        <!--
195            Service handling Google Sign-In user revocation. For apps that do not integrate with
196            Google Sign-In, this service will never be started.
197        -->
198        <service
198-->[com.google.android.gms:play-services-auth:16.0.1] AndroidManifest.xml:33:9-36:110
199            android:name="com.google.android.gms.auth.api.signin.RevocationBoundService"
199-->[com.google.android.gms:play-services-auth:16.0.1] AndroidManifest.xml:34:13-89
200            android:exported="true"
200-->[com.google.android.gms:play-services-auth:16.0.1] AndroidManifest.xml:35:13-36
201            android:permission="com.google.android.gms.auth.api.signin.permission.REVOCATION_NOTIFICATION" />
201-->[com.google.android.gms:play-services-auth:16.0.1] AndroidManifest.xml:36:13-107
202
203        <activity
203-->[com.google.android.gms:play-services-base:17.1.0] AndroidManifest.xml:23:9-26:75
204            android:name="com.google.android.gms.common.api.GoogleApiActivity"
204-->[com.google.android.gms:play-services-base:17.1.0] AndroidManifest.xml:24:13-79
205            android:exported="false"
205-->[com.google.android.gms:play-services-base:17.1.0] AndroidManifest.xml:25:13-37
206            android:theme="@android:style/Theme.Translucent.NoTitleBar" />
206-->[com.google.android.gms:play-services-base:17.1.0] AndroidManifest.xml:26:13-72
207        <activity android:name="com.facebook.CustomTabMainActivity" />
207-->[com.facebook.android:facebook-common:9.0.0] AndroidManifest.xml:34:9-71
207-->[com.facebook.android:facebook-common:9.0.0] AndroidManifest.xml:34:19-68
208
209        <provider
209-->[com.google.firebase:firebase-common:19.5.0] AndroidManifest.xml:26:9-31:39
210            android:name="com.google.firebase.provider.FirebaseInitProvider"
210-->[com.google.firebase:firebase-common:19.5.0] AndroidManifest.xml:27:13-77
211            android:authorities="com.lkmandy.time_tracker_flutter_course.firebaseinitprovider"
211-->[com.google.firebase:firebase-common:19.5.0] AndroidManifest.xml:28:13-72
212            android:directBootAware="true"
212-->[com.google.firebase:firebase-common:19.5.0] AndroidManifest.xml:29:13-43
213            android:exported="false"
213-->[com.google.firebase:firebase-common:19.5.0] AndroidManifest.xml:30:13-37
214            android:initOrder="100" />
214-->[com.google.firebase:firebase-common:19.5.0] AndroidManifest.xml:31:13-36
215
216        <receiver
216-->[com.google.android.gms:play-services-measurement:18.0.2] AndroidManifest.xml:29:9-33:20
217            android:name="com.google.android.gms.measurement.AppMeasurementReceiver"
217-->[com.google.android.gms:play-services-measurement:18.0.2] AndroidManifest.xml:30:13-85
218            android:enabled="true"
218-->[com.google.android.gms:play-services-measurement:18.0.2] AndroidManifest.xml:31:13-35
219            android:exported="false" >
219-->[com.google.android.gms:play-services-measurement:18.0.2] AndroidManifest.xml:32:13-37
220        </receiver>
221
222        <service
222-->[com.google.android.gms:play-services-measurement:18.0.2] AndroidManifest.xml:35:9-38:40
223            android:name="com.google.android.gms.measurement.AppMeasurementService"
223-->[com.google.android.gms:play-services-measurement:18.0.2] AndroidManifest.xml:36:13-84
224            android:enabled="true"
224-->[com.google.android.gms:play-services-measurement:18.0.2] AndroidManifest.xml:37:13-35
225            android:exported="false" />
225-->[com.google.android.gms:play-services-measurement:18.0.2] AndroidManifest.xml:38:13-37
226        <service
226-->[com.google.android.gms:play-services-measurement:18.0.2] AndroidManifest.xml:39:9-43:72
227            android:name="com.google.android.gms.measurement.AppMeasurementJobService"
227-->[com.google.android.gms:play-services-measurement:18.0.2] AndroidManifest.xml:40:13-87
228            android:enabled="true"
228-->[com.google.android.gms:play-services-measurement:18.0.2] AndroidManifest.xml:41:13-35
229            android:exported="false"
229-->[com.google.android.gms:play-services-measurement:18.0.2] AndroidManifest.xml:42:13-37
230            android:permission="android.permission.BIND_JOB_SERVICE" />
230-->[com.google.android.gms:play-services-measurement:18.0.2] AndroidManifest.xml:43:13-69
231
232        <meta-data
232-->[com.google.android.gms:play-services-basement:17.1.0] AndroidManifest.xml:23:9-25:69
233            android:name="com.google.android.gms.version"
233-->[com.google.android.gms:play-services-basement:17.1.0] AndroidManifest.xml:24:13-58
234            android:value="@integer/google_play_services_version" />
234-->[com.google.android.gms:play-services-basement:17.1.0] AndroidManifest.xml:25:13-66
235        <!--
236         The initialization ContentProvider will call FacebookSdk.sdkInitialize automatically
237         with the application context. This config is merged in with the host app's manifest,
238         but there can only be one provider with the same authority activated at any given
239         point; so if the end user has two or more different apps that use Facebook SDK, only the
240         first one will be able to use the provider. To work around this problem, we use the
241         following placeholder in the authority to identify each host application as if it was
242         a completely different provider.
243        -->
244        <provider
244-->[com.facebook.android:facebook-core:9.0.0] AndroidManifest.xml:39:9-42:40
245            android:name="com.facebook.internal.FacebookInitProvider"
245-->[com.facebook.android:facebook-core:9.0.0] AndroidManifest.xml:40:13-70
246            android:authorities="com.lkmandy.time_tracker_flutter_course.FacebookInitProvider"
246-->[com.facebook.android:facebook-core:9.0.0] AndroidManifest.xml:41:13-72
247            android:exported="false" />
247-->[com.facebook.android:facebook-core:9.0.0] AndroidManifest.xml:42:13-37
248
249        <receiver
249-->[com.facebook.android:facebook-core:9.0.0] AndroidManifest.xml:44:9-50:20
250            android:name="com.facebook.CurrentAccessTokenExpirationBroadcastReceiver"
250-->[com.facebook.android:facebook-core:9.0.0] AndroidManifest.xml:45:13-86
251            android:exported="false" >
251-->[com.facebook.android:facebook-core:9.0.0] AndroidManifest.xml:46:13-37
252            <intent-filter>
252-->[com.facebook.android:facebook-core:9.0.0] AndroidManifest.xml:47:13-49:29
253                <action android:name="com.facebook.sdk.ACTION_CURRENT_ACCESS_TOKEN_CHANGED" />
253-->[com.facebook.android:facebook-core:9.0.0] AndroidManifest.xml:48:17-95
253-->[com.facebook.android:facebook-core:9.0.0] AndroidManifest.xml:48:25-92
254            </intent-filter>
255        </receiver>
256    </application>
257
258</manifest>